{"level":"info","message":"Hello distributed log files!"}
{"level":"info","message":"Hello distributed log files!"}
{"level":"info","message":"Hello distributed log files!"}
{"level":"info","message":"Hello distributed log files!"}
{"level":"info","message":"Hello distributed log files!"}
{"level":"info","message":"Hello distributed log files!"}
{"level":"info","message":"rules"}
{"level":"info","message":"rules"}
{"level":"info","message":"drop table \"SYSTEM\".\"CM_GROUPS\""}
{"level":"info","message":"drop table \"SYSTEM\".\"CM_TOPICS\" "}
{"level":"info","message":"drop table \"SYSTEM\".\"CM_GROUPTOPIC\""}
{"level":"info","message":"drop table \"SYSTEM\".\"CM_RULES\""}
{"level":"info","message":"drop table \"SYSTEM\".\"CM_RULETOPIC\""}
{"level":"info","message":"drop table \"SYSTEM\".\"CM_GROUPS\""}
{"level":"info","message":"drop table \"SYSTEM\".\"CM_GROUPTOPIC\""}
{"level":"info","message":"drop table \"SYSTEM\".\"CM_TOPICS\" "}
{"level":"info","message":"drop table \"SYSTEM\".\"CM_RULES\""}
{"level":"info","message":"drop table \"SYSTEM\".\"CM_RULETOPIC\""}
{"level":"info","message":"drop table \"SYSTEM\".\"CM_GROUPS\""}
{"level":"info","message":"drop table \"SYSTEM\".\"CM_TOPICS\" "}
{"level":"info","message":"drop table \"SYSTEM\".\"CM_RULES\""}
{"level":"info","message":"drop table \"SYSTEM\".\"CM_GROUPTOPIC\""}
{"level":"info","message":"drop table \"SYSTEM\".\"CM_RULETOPIC\""}
{"level":"info","message":"drop table \"SYSTEM\".\"CM_GROUPS\""}
{"level":"info","message":"drop table \"SYSTEM\".\"CM_RULES\""}
{"level":"info","message":"drop table \"SYSTEM\".\"CM_GROUPTOPIC\""}
{"level":"info","message":"drop table \"SYSTEM\".\"CM_TOPICS\" "}
{"level":"info","message":"drop table \"SYSTEM\".\"CM_TOPICS\" "}
{"level":"info","message":"drop table \"SYSTEM\".\"CM_RULES\""}
{"level":"info","message":"drop table \"SYSTEM\".\"CM_GROUPTOPIC\""}
{"level":"info","message":"drop table \"SYSTEM\".\"CM_GROUPS\""}
{"level":"info","message":"drop table \"SYSTEM\".\"CM_RULETOPIC\""}
